<?xml version="1.0" encoding="UTF-8"?>
<testng-results ignored="0" total="1" passed="1" failed="0" skipped="0">
  <reporter-output>
  </reporter-output>
  <suite started-at="2020-02-15T11:33:27 CST" name="Default suite" finished-at="2020-02-15T11:33:45 CST" duration-ms="18617">
    <groups>
    </groups>
    <test started-at="2020-02-15T11:33:27 CST" name="Default test" finished-at="2020-02-15T11:33:45 CST" duration-ms="18617">
      <class name="Practice_Demo.extractlink_Demo">
        <test-method signature="extractdemo()[pri:0, instance:Practice_Demo.extractlink_Demo@15ca7889]" started-at="2020-02-15T11:33:27 CST" name="extractdemo" finished-at="2020-02-15T11:33:45 CST" duration-ms="18577" status="PASS">
          <reporter-output>
          </reporter-output>
        </test-method> <!-- extractdemo -->
      </class> <!-- Practice_Demo.extractlink_Demo -->
    </test> <!-- Default test -->
  </suite> <!-- Default suite -->
</testng-results>
